tess-two/build/outputs/logs/manifest-merger-debug-report.txt
-- Merging decision tree log ---
manifest
ADDED from RecipeOcrApp\tess-two\AndroidManifest.xml:17:1-28:12
INJECTED from RecipeOcrApp\tess-two\AndroidManifest.xml:17:1-28:12
INJECTED from RecipeOcrApp\tess-two\AndroidManifest.xml:17:1-28:12
INJECTED from RecipeOcrApp\tess-two\AndroidManifest.xml:17:1-28:12
INJECTED from RecipeOcrApp\tess-two\AndroidManifest.xml:17:1-28:12
INJECTED from RecipeOcrApp\tess-two\AndroidManifest.xml:17:1-28:12
INJECTED from RecipeOcrApp\tess-two\AndroidManifest.xml:17:1-28:12
	package
		ADDED from RecipeOcrApp\tess-two\AndroidManifest.xml:18:5-47
		INJECTED from RecipeOcrApp\tess-two\AndroidManifest.xml
		INJECTED from RecipeOcrApp\tess-two\AndroidManifest.xml
	android:versionName
		ADDED from RecipeOcrApp\tess-two\AndroidManifest.xml:20:5-30
		INJECTED from RecipeOcrApp\tess-two\AndroidManifest.xml
		INJECTED from RecipeOcrApp\tess-two\AndroidManifest.xml
	xmlns:android
		ADDED from RecipeOcrApp\tess-two\AndroidManifest.xml:17:11-69
	android:versionCode
		ADDED from RecipeOcrApp\tess-two\AndroidManifest.xml:19:5-28
		INJECTED from RecipeOcrApp\tess-two\AndroidManifest.xml
		INJECTED from RecipeOcrApp\tess-two\AndroidManifest.xml
uses-permission#android.permission.WRITE_EXTERNAL_STORAGE
ADDED from RecipeOcrApp\tess-two\AndroidManifest.xml:21:5-81
	android:name
		ADDED from RecipeOcrApp\tess-two\AndroidManifest.xml:21:22-78
uses-permission#android.permission.READ_EXTERNAL_STORAGE
ADDED from RecipeOcrApp\tess-two\AndroidManifest.xml:22:5-80
	android:name
		ADDED from RecipeOcrApp\tess-two\AndroidManifest.xml:22:22-77
uses-permission#android.permission.INTERNET
ADDED from RecipeOcrApp\tess-two\AndroidManifest.xml:23:5-66
	android:name
		ADDED from RecipeOcrApp\tess-two\AndroidManifest.xml:23:22-64
uses-sdk
ADDED from RecipeOcrApp\tess-two\AndroidManifest.xml:24:5-26:41
INJECTED from RecipeOcrApp\tess-two\AndroidManifest.xml:24:5-26:41
INJECTED from RecipeOcrApp\tess-two\AndroidManifest.xml:24:5-26:41
INJECTED from RecipeOcrApp\tess-two\AndroidManifest.xml:24:5-26:41
INJECTED from RecipeOcrApp\tess-two\AndroidManifest.xml:24:5-26:41
	android:targetSdkVersion
		ADDED from RecipeOcrApp\tess-two\AndroidManifest.xml:26:9-38
		INJECTED from RecipeOcrApp\tess-two\AndroidManifest.xml
		INJECTED from RecipeOcrApp\tess-two\AndroidManifest.xml
	android:minSdkVersion
		ADDED from RecipeOcrApp\tess-two\AndroidManifest.xml:25:9-34
		INJECTED from RecipeOcrApp\tess-two\AndroidManifest.xml
		INJECTED from RecipeOcrApp\tess-two\AndroidManifest.xml